{"/home/ppc/klinik/git/door-controller/src/board.ts": {"path":"/home/ppc/klinik/git/door-controller/src/board.ts","statementMap":{"0":{"start":{"line":1,"column":0},"end":{"line":1,"column":64}},"1":{"start":{"line":2,"column":0},"end":{"line":2,"column":26}},"2":{"start":{"line":9,"column":13},"end":{"line":9,"column":43}},"3":{"start":{"line":20,"column":35},"end":{"line":36,"column":1}},"4":{"start":{"line":53,"column":0},"end":{"line":69,"column":1}},"5":{"start":{"line":54,"column":24},"end":{"line":54,"column":36}},"6":{"start":{"line":55,"column":8},"end":{"line":55,"column":57}},"7":{"start":{"line":59,"column":8},"end":{"line":59,"column":50}},"8":{"start":{"line":63,"column":8},"end":{"line":63,"column":49}},"9":{"start":{"line":67,"column":8},"end":{"line":67,"column":51}},"10":{"start":{"line":53,"column":13},"end":{"line":69,"column":1}},"11":{"start":{"line":53,"column":13},"end":{"line":53,"column":33}},"12":{"start":{"line":72,"column":0},"end":{"line":204,"column":1}},"13":{"start":{"line":78,"column":50},"end":{"line":78,"column":86}},"14":{"start":{"line":80,"column":8},"end":{"line":80,"column":27}},"15":{"start":{"line":87,"column":8},"end":{"line":87,"column":66}},"16":{"start":{"line":94,"column":8},"end":{"line":94,"column":66}},"17":{"start":{"line":101,"column":8},"end":{"line":101,"column":70}},"18":{"start":{"line":110,"column":8},"end":{"line":110,"column":61}},"19":{"start":{"line":111,"column":8},"end":{"line":111,"column":61}},"20":{"start":{"line":112,"column":8},"end":{"line":112,"column":65}},"21":{"start":{"line":123,"column":8},"end":{"line":126,"column":10}},"22":{"start":{"line":137,"column":8},"end":{"line":144,"column":9}},"23":{"start":{"line":139,"column":12},"end":{"line":139,"column":26}},"24":{"start":{"line":141,"column":12},"end":{"line":141,"column":25}},"25":{"start":{"line":143,"column":12},"end":{"line":143,"column":77}},"26":{"start":{"line":156,"column":8},"end":{"line":184,"column":11}},"27":{"start":{"line":157,"column":27},"end":{"line":157,"column":65}},"28":{"start":{"line":158,"column":29},"end":{"line":158,"column":81}},"29":{"start":{"line":160,"column":12},"end":{"line":183,"column":15}},"30":{"start":{"line":164,"column":16},"end":{"line":170,"column":17}},"31":{"start":{"line":167,"column":20},"end":{"line":167,"column":45}},"32":{"start":{"line":168,"column":20},"end":{"line":168,"column":32}},"33":{"start":{"line":169,"column":20},"end":{"line":169,"column":27}},"34":{"start":{"line":173,"column":16},"end":{"line":182,"column":25}},"35":{"start":{"line":174,"column":20},"end":{"line":181,"column":23}},"36":{"start":{"line":175,"column":24},"end":{"line":178,"column":25}},"37":{"start":{"line":176,"column":28},"end":{"line":176,"column":40}},"38":{"start":{"line":177,"column":28},"end":{"line":177,"column":35}},"39":{"start":{"line":180,"column":24},"end":{"line":180,"column":34}},"40":{"start":{"line":195,"column":8},"end":{"line":202,"column":9}},"41":{"start":{"line":197,"column":12},"end":{"line":197,"column":21}},"42":{"start":{"line":199,"column":12},"end":{"line":199,"column":21}},"43":{"start":{"line":201,"column":12},"end":{"line":201,"column":59}},"44":{"start":{"line":72,"column":13},"end":{"line":204,"column":1}},"45":{"start":{"line":72,"column":13},"end":{"line":72,"column":28}}},"fnMap":{"0":{"name":"(anonymous_10)","decl":{"start":{"line":54,"column":4},"end":{"line":54,"column":23}},"loc":{"start":{"line":54,"column":36},"end":{"line":56,"column":5}}},"1":{"name":"(anonymous_11)","decl":{"start":{"line":58,"column":10},"end":{"line":58,"column":13}},"loc":{"start":{"line":58,"column":14},"end":{"line":60,"column":5}}},"2":{"name":"(anonymous_13)","decl":{"start":{"line":62,"column":10},"end":{"line":62,"column":13}},"loc":{"start":{"line":62,"column":14},"end":{"line":64,"column":5}}},"3":{"name":"(anonymous_15)","decl":{"start":{"line":66,"column":10},"end":{"line":66,"column":15}},"loc":{"start":{"line":66,"column":16},"end":{"line":68,"column":5}}},"4":{"name":"(anonymous_17)","decl":{"start":{"line":77,"column":4},"end":{"line":78,"column":49}},"loc":{"start":{"line":78,"column":86},"end":{"line":81,"column":5}}},"5":{"name":"(anonymous_18)","decl":{"start":{"line":86,"column":4},"end":{"line":86,"column":7}},"loc":{"start":{"line":86,"column":8},"end":{"line":88,"column":5}}},"6":{"name":"(anonymous_19)","decl":{"start":{"line":93,"column":4},"end":{"line":93,"column":7}},"loc":{"start":{"line":93,"column":8},"end":{"line":95,"column":5}}},"7":{"name":"(anonymous_20)","decl":{"start":{"line":100,"column":4},"end":{"line":100,"column":9}},"loc":{"start":{"line":100,"column":10},"end":{"line":102,"column":5}}},"8":{"name":"(anonymous_21)","decl":{"start":{"line":109,"column":12},"end":{"line":109,"column":22}},"loc":{"start":{"line":109,"column":23},"end":{"line":113,"column":5}}},"9":{"name":"(anonymous_22)","decl":{"start":{"line":122,"column":12},"end":{"line":122,"column":23}},"loc":{"start":{"line":122,"column":39},"end":{"line":127,"column":5}}},"10":{"name":"(anonymous_23)","decl":{"start":{"line":136,"column":12},"end":{"line":136,"column":30}},"loc":{"start":{"line":136,"column":46},"end":{"line":145,"column":5}}},"11":{"name":"(anonymous_24)","decl":{"start":{"line":155,"column":12},"end":{"line":155,"column":21}},"loc":{"start":{"line":155,"column":49},"end":{"line":185,"column":5}}},"12":{"name":"(anonymous_25)","decl":{"start":{"line":156,"column":27},"end":{"line":156,"column":28}},"loc":{"start":{"line":156,"column":47},"end":{"line":184,"column":9}}},"13":{"name":"(anonymous_26)","decl":{"start":{"line":160,"column":31},"end":{"line":160,"column":32}},"loc":{"start":{"line":160,"column":42},"end":{"line":183,"column":13}}},"14":{"name":"(anonymous_27)","decl":{"start":{"line":173,"column":27},"end":{"line":173,"column":29}},"loc":{"start":{"line":173,"column":32},"end":{"line":182,"column":17}}},"15":{"name":"(anonymous_28)","decl":{"start":{"line":174,"column":41},"end":{"line":174,"column":42}},"loc":{"start":{"line":174,"column":52},"end":{"line":181,"column":21}}},"16":{"name":"(anonymous_29)","decl":{"start":{"line":194,"column":12},"end":{"line":194,"column":27}},"loc":{"start":{"line":194,"column":48},"end":{"line":203,"column":5}}}},"branchMap":{"0":{"loc":{"start":{"line":78,"column":73},"end":{"line":78,"column":86}},"type":"default-arg","locations":[{"start":{"line":78,"column":73},"end":{"line":78,"column":86}}]},"1":{"loc":{"start":{"line":138,"column":8},"end":{"line":139,"column":26}},"type":"switch","locations":[{"start":{"line":138,"column":8},"end":{"line":139,"column":26}},{"start":{"line":140,"column":8},"end":{"line":141,"column":25}},{"start":{"line":142,"column":8},"end":{"line":143,"column":77}}]},"2":{"loc":{"start":{"line":164,"column":16},"end":{"line":170,"column":17}},"type":"if","locations":[{"start":{"line":164,"column":16},"end":{"line":170,"column":17}},{"start":{"line":164,"column":16},"end":{"line":170,"column":17}}]},"3":{"loc":{"start":{"line":175,"column":24},"end":{"line":178,"column":25}},"type":"if","locations":[{"start":{"line":175,"column":24},"end":{"line":178,"column":25}},{"start":{"line":175,"column":24},"end":{"line":178,"column":25}}]},"4":{"loc":{"start":{"line":196,"column":8},"end":{"line":197,"column":21}},"type":"switch","locations":[{"start":{"line":196,"column":8},"end":{"line":197,"column":21}},{"start":{"line":198,"column":8},"end":{"line":199,"column":21}},{"start":{"line":200,"column":8},"end":{"line":201,"column":59}}]}},"s":{"0":0,"1":0,"2":0,"3":0,"4":0,"5":0,"6":0,"7":0,"8":0,"9":0,"10":0,"11":0,"12":0,"13":0,"14":0,"15":0,"16":0,"17":0,"18":0,"19":0,"20":0,"21":0,"22":0,"23":0,"24":0,"25":0,"26":0,"27":0,"28":0,"29":0,"30":0,"31":0,"32":0,"33":0,"34":0,"35":0,"36":0,"37":0,"38":0,"39":0,"40":0,"41":0,"42":0,"43":0,"44":0,"45":0},"f":{"0":0,"1":0,"2":0,"3":0,"4":0,"5":0,"6":0,"7":0,"8":0,"9":0,"10":0,"11":0,"12":0,"13":0,"14":0,"15":0,"16":0},"b":{"0":[0],"1":[0,0,0],"2":[0,0],"3":[0,0],"4":[0,0,0]}}
,"/home/ppc/klinik/git/door-controller/src/scheduler.ts": {"path":"/home/ppc/klinik/git/door-controller/src/scheduler.ts","statementMap":{"0":{"start":{"line":1,"column":0},"end":{"line":1,"column":91}},"1":{"start":{"line":2,"column":0},"end":{"line":2,"column":58}},"2":{"start":{"line":3,"column":0},"end":{"line":3,"column":54}},"3":{"start":{"line":4,"column":0},"end":{"line":4,"column":25}},"4":{"start":{"line":5,"column":0},"end":{"line":5,"column":31}},"5":{"start":{"line":25,"column":0},"end":{"line":28,"column":1}},"6":{"start":{"line":26,"column":4},"end":{"line":26,"column":12}},"7":{"start":{"line":27,"column":4},"end":{"line":27,"column":14}},"8":{"start":{"line":48,"column":13},"end":{"line":48,"column":47}},"9":{"start":{"line":103,"column":22},"end":{"line":668,"column":1}},"10":{"start":{"line":110,"column":24},"end":{"line":110,"column":39}},"11":{"start":{"line":111,"column":60},"end":{"line":111,"column":78}},"12":{"start":{"line":112,"column":24},"end":{"line":112,"column":69}},"13":{"start":{"line":104,"column":12},"end":{"line":104,"column":59}},"14":{"start":{"line":105,"column":12},"end":{"line":105,"column":58}},"15":{"start":{"line":106,"column":21},"end":{"line":106,"column":65}},"16":{"start":{"line":108,"column":12},"end":{"line":108,"column":36}},"17":{"start":{"line":114,"column":8},"end":{"line":114,"column":55}},"18":{"start":{"line":116,"column":8},"end":{"line":122,"column":9}},"19":{"start":{"line":117,"column":12},"end":{"line":119,"column":13}},"20":{"start":{"line":118,"column":16},"end":{"line":118,"column":94}},"21":{"start":{"line":121,"column":12},"end":{"line":121,"column":79}},"22":{"start":{"line":124,"column":8},"end":{"line":124,"column":70}},"23":{"start":{"line":126,"column":8},"end":{"line":126,"column":35}},"24":{"start":{"line":130,"column":8},"end":{"line":130,"column":28}},"25":{"start":{"line":134,"column":8},"end":{"line":134,"column":28}},"26":{"start":{"line":145,"column":29},"end":{"line":145,"column":67}},"27":{"start":{"line":146,"column":8},"end":{"line":148,"column":9}},"28":{"start":{"line":147,"column":12},"end":{"line":147,"column":53}},"29":{"start":{"line":151,"column":8},"end":{"line":153,"column":9}},"30":{"start":{"line":152,"column":12},"end":{"line":152,"column":45}},"31":{"start":{"line":155,"column":8},"end":{"line":155,"column":42}},"32":{"start":{"line":157,"column":8},"end":{"line":157,"column":30}},"33":{"start":{"line":159,"column":8},"end":{"line":162,"column":9}},"34":{"start":{"line":160,"column":28},"end":{"line":160,"column":71}},"35":{"start":{"line":161,"column":12},"end":{"line":161,"column":52}},"36":{"start":{"line":171,"column":21},"end":{"line":171,"column":38}},"37":{"start":{"line":172,"column":8},"end":{"line":172,"column":37}},"38":{"start":{"line":174,"column":8},"end":{"line":174,"column":41}},"39":{"start":{"line":185,"column":21},"end":{"line":185,"column":38}},"40":{"start":{"line":187,"column":8},"end":{"line":190,"column":10}},"41":{"start":{"line":192,"column":8},"end":{"line":192,"column":41}},"42":{"start":{"line":204,"column":8},"end":{"line":206,"column":9}},"43":{"start":{"line":205,"column":12},"end":{"line":205,"column":52}},"44":{"start":{"line":208,"column":25},"end":{"line":208,"column":57}},"45":{"start":{"line":211,"column":8},"end":{"line":213,"column":9}},"46":{"start":{"line":212,"column":12},"end":{"line":212,"column":79}},"47":{"start":{"line":216,"column":29},"end":{"line":216,"column":135}},"48":{"start":{"line":216,"column":50},"end":{"line":216,"column":134}},"49":{"start":{"line":217,"column":27},"end":{"line":217,"column":131}},"50":{"start":{"line":217,"column":48},"end":{"line":217,"column":130}},"51":{"start":{"line":219,"column":8},"end":{"line":221,"column":9}},"52":{"start":{"line":220,"column":12},"end":{"line":220,"column":111}},"53":{"start":{"line":223,"column":21},"end":{"line":223,"column":38}},"54":{"start":{"line":225,"column":8},"end":{"line":225,"column":46}},"55":{"start":{"line":227,"column":8},"end":{"line":227,"column":41}},"56":{"start":{"line":238,"column":8},"end":{"line":240,"column":9}},"57":{"start":{"line":239,"column":12},"end":{"line":239,"column":52}},"58":{"start":{"line":242,"column":25},"end":{"line":242,"column":57}},"59":{"start":{"line":244,"column":8},"end":{"line":246,"column":9}},"60":{"start":{"line":245,"column":12},"end":{"line":245,"column":79}},"61":{"start":{"line":248,"column":8},"end":{"line":250,"column":9}},"62":{"start":{"line":249,"column":12},"end":{"line":249,"column":19}},"63":{"start":{"line":252,"column":21},"end":{"line":252,"column":38}},"64":{"start":{"line":253,"column":8},"end":{"line":258,"column":11}},"65":{"start":{"line":254,"column":12},"end":{"line":257,"column":86}},"66":{"start":{"line":260,"column":8},"end":{"line":260,"column":41}},"67":{"start":{"line":270,"column":8},"end":{"line":272,"column":9}},"68":{"start":{"line":271,"column":12},"end":{"line":271,"column":52}},"69":{"start":{"line":274,"column":25},"end":{"line":274,"column":57}},"70":{"start":{"line":277,"column":8},"end":{"line":279,"column":9}},"71":{"start":{"line":278,"column":12},"end":{"line":278,"column":78}},"72":{"start":{"line":282,"column":8},"end":{"line":284,"column":9}},"73":{"start":{"line":283,"column":12},"end":{"line":283,"column":19}},"74":{"start":{"line":286,"column":21},"end":{"line":286,"column":38}},"75":{"start":{"line":287,"column":8},"end":{"line":287,"column":39}},"76":{"start":{"line":289,"column":8},"end":{"line":289,"column":41}},"77":{"start":{"line":296,"column":8},"end":{"line":300,"column":10}},"78":{"start":{"line":308,"column":8},"end":{"line":308,"column":31}},"79":{"start":{"line":319,"column":8},"end":{"line":321,"column":9}},"80":{"start":{"line":320,"column":12},"end":{"line":320,"column":39}},"81":{"start":{"line":323,"column":8},"end":{"line":323,"column":29}},"82":{"start":{"line":333,"column":24},"end":{"line":333,"column":37}},"83":{"start":{"line":334,"column":21},"end":{"line":334,"column":36}},"84":{"start":{"line":335,"column":24},"end":{"line":335,"column":41}},"85":{"start":{"line":336,"column":34},"end":{"line":336,"column":49}},"86":{"start":{"line":338,"column":38},"end":{"line":338,"column":44}},"87":{"start":{"line":340,"column":34},"end":{"line":340,"column":39}},"88":{"start":{"line":342,"column":23},"end":{"line":353,"column":9}},"89":{"start":{"line":343,"column":22},"end":{"line":343,"column":32}},"90":{"start":{"line":344,"column":12},"end":{"line":345,"column":30}},"91":{"start":{"line":346,"column":12},"end":{"line":346,"column":44}},"92":{"start":{"line":347,"column":12},"end":{"line":349,"column":13}},"93":{"start":{"line":348,"column":16},"end":{"line":348,"column":56}},"94":{"start":{"line":350,"column":12},"end":{"line":350,"column":48}},"95":{"start":{"line":352,"column":12},"end":{"line":352,"column":23}},"96":{"start":{"line":356,"column":8},"end":{"line":390,"column":9}},"97":{"start":{"line":357,"column":12},"end":{"line":357,"column":62}},"98":{"start":{"line":358,"column":12},"end":{"line":358,"column":30}},"99":{"start":{"line":360,"column":12},"end":{"line":360,"column":63}},"100":{"start":{"line":364,"column":12},"end":{"line":369,"column":13}},"101":{"start":{"line":365,"column":26},"end":{"line":365,"column":62}},"102":{"start":{"line":366,"column":16},"end":{"line":366,"column":45}},"103":{"start":{"line":368,"column":16},"end":{"line":368,"column":43}},"104":{"start":{"line":371,"column":37},"end":{"line":371,"column":103}},"105":{"start":{"line":374,"column":37},"end":{"line":374,"column":114}},"106":{"start":{"line":374,"column":68},"end":{"line":374,"column":113}},"107":{"start":{"line":376,"column":12},"end":{"line":389,"column":13}},"108":{"start":{"line":377,"column":16},"end":{"line":377,"column":40}},"109":{"start":{"line":378,"column":16},"end":{"line":378,"column":52}},"110":{"start":{"line":380,"column":16},"end":{"line":380,"column":38}},"111":{"start":{"line":381,"column":29},"end":{"line":381,"column":53}},"112":{"start":{"line":383,"column":16},"end":{"line":388,"column":17}},"113":{"start":{"line":384,"column":20},"end":{"line":384,"column":40}},"114":{"start":{"line":386,"column":49},"end":{"line":386,"column":53}},"115":{"start":{"line":387,"column":20},"end":{"line":387,"column":62}},"116":{"start":{"line":392,"column":8},"end":{"line":396,"column":10}},"117":{"start":{"line":405,"column":22},"end":{"line":405,"column":38}},"118":{"start":{"line":406,"column":21},"end":{"line":406,"column":22}},"119":{"start":{"line":407,"column":8},"end":{"line":424,"column":9}},"120":{"start":{"line":408,"column":25},"end":{"line":408,"column":62}},"121":{"start":{"line":409,"column":27},"end":{"line":409,"column":60}},"122":{"start":{"line":411,"column":25},"end":{"line":416,"column":14}},"123":{"start":{"line":412,"column":26},"end":{"line":412,"column":53}},"124":{"start":{"line":413,"column":29},"end":{"line":413,"column":125}},"125":{"start":{"line":415,"column":16},"end":{"line":415,"column":38}},"126":{"start":{"line":418,"column":12},"end":{"line":420,"column":13}},"127":{"start":{"line":419,"column":16},"end":{"line":419,"column":38}},"128":{"start":{"line":422,"column":12},"end":{"line":422,"column":40}},"129":{"start":{"line":423,"column":12},"end":{"line":423,"column":21}},"130":{"start":{"line":426,"column":8},"end":{"line":426,"column":20}},"131":{"start":{"line":435,"column":8},"end":{"line":435,"column":32}},"132":{"start":{"line":445,"column":21},"end":{"line":445,"column":47}},"133":{"start":{"line":446,"column":21},"end":{"line":446,"column":47}},"134":{"start":{"line":448,"column":8},"end":{"line":448,"column":27}},"135":{"start":{"line":458,"column":21},"end":{"line":458,"column":47}},"136":{"start":{"line":459,"column":21},"end":{"line":459,"column":47}},"137":{"start":{"line":461,"column":8},"end":{"line":461,"column":27}},"138":{"start":{"line":473,"column":8},"end":{"line":475,"column":9}},"139":{"start":{"line":474,"column":12},"end":{"line":474,"column":25}},"140":{"start":{"line":477,"column":8},"end":{"line":479,"column":9}},"141":{"start":{"line":478,"column":12},"end":{"line":478,"column":25}},"142":{"start":{"line":481,"column":8},"end":{"line":483,"column":9}},"143":{"start":{"line":482,"column":12},"end":{"line":482,"column":25}},"144":{"start":{"line":485,"column":8},"end":{"line":487,"column":9}},"145":{"start":{"line":486,"column":12},"end":{"line":486,"column":25}},"146":{"start":{"line":490,"column":8},"end":{"line":490,"column":20}},"147":{"start":{"line":499,"column":30},"end":{"line":499,"column":32}},"148":{"start":{"line":501,"column":8},"end":{"line":522,"column":9}},"149":{"start":{"line":502,"column":12},"end":{"line":502,"column":78}},"150":{"start":{"line":504,"column":50},"end":{"line":506,"column":13}},"151":{"start":{"line":508,"column":12},"end":{"line":521,"column":15}},"152":{"start":{"line":509,"column":31},"end":{"line":509,"column":58}},"153":{"start":{"line":510,"column":16},"end":{"line":513,"column":17}},"154":{"start":{"line":511,"column":20},"end":{"line":511,"column":122}},"155":{"start":{"line":512,"column":20},"end":{"line":512,"column":27}},"156":{"start":{"line":515,"column":16},"end":{"line":520,"column":19}},"157":{"start":{"line":516,"column":40},"end":{"line":516,"column":73}},"158":{"start":{"line":517,"column":20},"end":{"line":519,"column":21}},"159":{"start":{"line":518,"column":24},"end":{"line":518,"column":63}},"160":{"start":{"line":524,"column":8},"end":{"line":524,"column":22}},"161":{"start":{"line":533,"column":30},"end":{"line":533,"column":32}},"162":{"start":{"line":535,"column":8},"end":{"line":535,"column":78}},"163":{"start":{"line":536,"column":8},"end":{"line":536,"column":74}},"164":{"start":{"line":540,"column":22},"end":{"line":540,"column":56}},"165":{"start":{"line":541,"column":20},"end":{"line":541,"column":52}},"166":{"start":{"line":543,"column":8},"end":{"line":545,"column":9}},"167":{"start":{"line":544,"column":12},"end":{"line":544,"column":89}},"168":{"start":{"line":547,"column":8},"end":{"line":549,"column":9}},"169":{"start":{"line":548,"column":12},"end":{"line":548,"column":91}},"170":{"start":{"line":551,"column":8},"end":{"line":551,"column":51}},"171":{"start":{"line":562,"column":8},"end":{"line":562,"column":97}},"172":{"start":{"line":566,"column":8},"end":{"line":566,"column":49}},"173":{"start":{"line":567,"column":8},"end":{"line":567,"column":33}},"174":{"start":{"line":568,"column":8},"end":{"line":568,"column":37}},"175":{"start":{"line":569,"column":8},"end":{"line":569,"column":26}},"176":{"start":{"line":570,"column":8},"end":{"line":570,"column":31}},"177":{"start":{"line":572,"column":8},"end":{"line":572,"column":19}},"178":{"start":{"line":582,"column":32},"end":{"line":582,"column":34}},"179":{"start":{"line":583,"column":31},"end":{"line":583,"column":77}},"180":{"start":{"line":585,"column":8},"end":{"line":587,"column":9}},"181":{"start":{"line":586,"column":12},"end":{"line":586,"column":93}},"182":{"start":{"line":588,"column":8},"end":{"line":590,"column":9}},"183":{"start":{"line":589,"column":12},"end":{"line":589,"column":97}},"184":{"start":{"line":592,"column":8},"end":{"line":592,"column":22}},"185":{"start":{"line":604,"column":8},"end":{"line":621,"column":9}},"186":{"start":{"line":606,"column":16},"end":{"line":606,"column":32}},"187":{"start":{"line":608,"column":16},"end":{"line":608,"column":32}},"188":{"start":{"line":610,"column":16},"end":{"line":610,"column":33}},"189":{"start":{"line":612,"column":16},"end":{"line":612,"column":35}},"190":{"start":{"line":614,"column":16},"end":{"line":614,"column":34}},"191":{"start":{"line":616,"column":16},"end":{"line":616,"column":32}},"192":{"start":{"line":618,"column":16},"end":{"line":618,"column":34}},"193":{"start":{"line":620,"column":16},"end":{"line":620,"column":67}},"194":{"start":{"line":625,"column":45},"end":{"line":625,"column":123}},"195":{"start":{"line":626,"column":8},"end":{"line":626,"column":33}},"196":{"start":{"line":635,"column":8},"end":{"line":637,"column":9}},"197":{"start":{"line":636,"column":12},"end":{"line":636,"column":72}},"198":{"start":{"line":639,"column":24},"end":{"line":639,"column":53}},"199":{"start":{"line":642,"column":8},"end":{"line":646,"column":9}},"200":{"start":{"line":643,"column":12},"end":{"line":643,"column":52}},"201":{"start":{"line":645,"column":12},"end":{"line":645,"column":93}},"202":{"start":{"line":648,"column":8},"end":{"line":648,"column":31}},"203":{"start":{"line":652,"column":8},"end":{"line":655,"column":9}},"204":{"start":{"line":653,"column":12},"end":{"line":653,"column":51}},"205":{"start":{"line":654,"column":12},"end":{"line":654,"column":44}},"206":{"start":{"line":657,"column":8},"end":{"line":666,"column":15}},"207":{"start":{"line":659,"column":16},"end":{"line":661,"column":17}},"208":{"start":{"line":660,"column":20},"end":{"line":660,"column":27}},"209":{"start":{"line":663,"column":37},"end":{"line":663,"column":70}},"210":{"start":{"line":664,"column":16},"end":{"line":664,"column":132}},"211":{"start":{"line":665,"column":16},"end":{"line":665,"column":54}},"212":{"start":{"line":103,"column":13},"end":{"line":668,"column":1}},"213":{"start":{"line":103,"column":13},"end":{"line":103,"column":22}}},"fnMap":{"0":{"name":"(anonymous_4)","decl":{"start":{"line":25,"column":0},"end":{"line":25,"column":11}},"loc":{"start":{"line":25,"column":21},"end":{"line":28,"column":1}}},"1":{"name":"(anonymous_5)","decl":{"start":{"line":110,"column":4},"end":{"line":110,"column":23}},"loc":{"start":{"line":112,"column":69},"end":{"line":127,"column":5}}},"2":{"name":"(anonymous_6)","decl":{"start":{"line":129,"column":11},"end":{"line":129,"column":15}},"loc":{"start":{"line":129,"column":31},"end":{"line":131,"column":5}}},"3":{"name":"(anonymous_7)","decl":{"start":{"line":133,"column":4},"end":{"line":133,"column":7}},"loc":{"start":{"line":133,"column":13},"end":{"line":135,"column":5}}},"4":{"name":"(anonymous_8)","decl":{"start":{"line":144,"column":11},"end":{"line":144,"column":19}},"loc":{"start":{"line":144,"column":65},"end":{"line":163,"column":5}}},"5":{"name":"(anonymous_9)","decl":{"start":{"line":170,"column":11},"end":{"line":170,"column":24}},"loc":{"start":{"line":170,"column":52},"end":{"line":175,"column":5}}},"6":{"name":"(anonymous_10)","decl":{"start":{"line":184,"column":11},"end":{"line":184,"column":22}},"loc":{"start":{"line":184,"column":81},"end":{"line":193,"column":5}}},"7":{"name":"(anonymous_11)","decl":{"start":{"line":203,"column":11},"end":{"line":203,"column":22}},"loc":{"start":{"line":203,"column":102},"end":{"line":228,"column":5}}},"8":{"name":"(anonymous_12)","decl":{"start":{"line":216,"column":43},"end":{"line":216,"column":45}},"loc":{"start":{"line":216,"column":50},"end":{"line":216,"column":134}}},"9":{"name":"(anonymous_13)","decl":{"start":{"line":217,"column":41},"end":{"line":217,"column":43}},"loc":{"start":{"line":217,"column":48},"end":{"line":217,"column":130}}},"10":{"name":"(anonymous_14)","decl":{"start":{"line":237,"column":11},"end":{"line":237,"column":24}},"loc":{"start":{"line":237,"column":108},"end":{"line":261,"column":5}}},"11":{"name":"(anonymous_15)","decl":{"start":{"line":253,"column":69},"end":{"line":253,"column":73}},"loc":{"start":{"line":253,"column":77},"end":{"line":258,"column":9}}},"12":{"name":"(anonymous_16)","decl":{"start":{"line":269,"column":11},"end":{"line":269,"column":28}},"loc":{"start":{"line":269,"column":90},"end":{"line":290,"column":5}}},"13":{"name":"(anonymous_17)","decl":{"start":{"line":295,"column":11},"end":{"line":295,"column":20}},"loc":{"start":{"line":295,"column":21},"end":{"line":301,"column":5}}},"14":{"name":"(anonymous_18)","decl":{"start":{"line":306,"column":4},"end":{"line":306,"column":14}},"loc":{"start":{"line":306,"column":25},"end":{"line":309,"column":5}}},"15":{"name":"(anonymous_19)","decl":{"start":{"line":318,"column":4},"end":{"line":318,"column":14}},"loc":{"start":{"line":318,"column":21},"end":{"line":324,"column":5}}},"16":{"name":"(anonymous_20)","decl":{"start":{"line":332,"column":11},"end":{"line":332,"column":26}},"loc":{"start":{"line":332,"column":38},"end":{"line":397,"column":5}}},"17":{"name":"(anonymous_21)","decl":{"start":{"line":342,"column":23},"end":{"line":342,"column":24}},"loc":{"start":{"line":342,"column":56},"end":{"line":353,"column":9}}},"18":{"name":"(anonymous_22)","decl":{"start":{"line":374,"column":59},"end":{"line":374,"column":63}},"loc":{"start":{"line":374,"column":68},"end":{"line":374,"column":113}}},"19":{"name":"(anonymous_23)","decl":{"start":{"line":404,"column":12},"end":{"line":404,"column":24}},"loc":{"start":{"line":404,"column":39},"end":{"line":427,"column":5}}},"20":{"name":"(anonymous_24)","decl":{"start":{"line":411,"column":37},"end":{"line":411,"column":41}},"loc":{"start":{"line":411,"column":45},"end":{"line":416,"column":13}}},"21":{"name":"(anonymous_25)","decl":{"start":{"line":434,"column":11},"end":{"line":434,"column":19}},"loc":{"start":{"line":434,"column":20},"end":{"line":436,"column":5}}},"22":{"name":"(anonymous_26)","decl":{"start":{"line":444,"column":11},"end":{"line":444,"column":16}},"loc":{"start":{"line":444,"column":49},"end":{"line":449,"column":5}}},"23":{"name":"(anonymous_27)","decl":{"start":{"line":457,"column":11},"end":{"line":457,"column":16}},"loc":{"start":{"line":457,"column":48},"end":{"line":462,"column":5}}},"24":{"name":"(anonymous_28)","decl":{"start":{"line":472,"column":11},"end":{"line":472,"column":16}},"loc":{"start":{"line":472,"column":78},"end":{"line":491,"column":5}}},"25":{"name":"(anonymous_29)","decl":{"start":{"line":498,"column":11},"end":{"line":498,"column":16}},"loc":{"start":{"line":498,"column":65},"end":{"line":525,"column":5}}},"26":{"name":"(anonymous_30)","decl":{"start":{"line":508,"column":25},"end":{"line":508,"column":27}},"loc":{"start":{"line":508,"column":31},"end":{"line":521,"column":13}}},"27":{"name":"(anonymous_31)","decl":{"start":{"line":515,"column":31},"end":{"line":515,"column":35}},"loc":{"start":{"line":515,"column":39},"end":{"line":520,"column":17}}},"28":{"name":"(anonymous_32)","decl":{"start":{"line":532,"column":11},"end":{"line":532,"column":16}},"loc":{"start":{"line":532,"column":51},"end":{"line":552,"column":5}}},"29":{"name":"(anonymous_33)","decl":{"start":{"line":561,"column":12},"end":{"line":561,"column":17}},"loc":{"start":{"line":561,"column":42},"end":{"line":563,"column":5}}},"30":{"name":"(anonymous_34)","decl":{"start":{"line":565,"column":12},"end":{"line":565,"column":17}},"loc":{"start":{"line":565,"column":85},"end":{"line":573,"column":5}}},"31":{"name":"(anonymous_35)","decl":{"start":{"line":581,"column":11},"end":{"line":581,"column":16}},"loc":{"start":{"line":581,"column":54},"end":{"line":593,"column":5}}},"32":{"name":"(anonymous_36)","decl":{"start":{"line":603,"column":12},"end":{"line":603,"column":17}},"loc":{"start":{"line":603,"column":49},"end":{"line":622,"column":5}}},"33":{"name":"(anonymous_37)","decl":{"start":{"line":624,"column":12},"end":{"line":624,"column":17}},"loc":{"start":{"line":624,"column":62},"end":{"line":627,"column":5}}},"34":{"name":"(anonymous_38)","decl":{"start":{"line":634,"column":12},"end":{"line":634,"column":30}},"loc":{"start":{"line":634,"column":31},"end":{"line":649,"column":5}}},"35":{"name":"(anonymous_39)","decl":{"start":{"line":651,"column":12},"end":{"line":651,"column":25}},"loc":{"start":{"line":651,"column":26},"end":{"line":667,"column":5}}},"36":{"name":"(anonymous_40)","decl":{"start":{"line":658,"column":23},"end":{"line":658,"column":25}},"loc":{"start":{"line":658,"column":28},"end":{"line":666,"column":13}}}},"branchMap":{"0":{"loc":{"start":{"line":25,"column":12},"end":{"line":25,"column":21}},"type":"binary-expr","locations":[{"start":{"line":25,"column":12},"end":{"line":25,"column":21}},{"start":{"line":25,"column":12},"end":{"line":25,"column":21}}]},"1":{"loc":{"start":{"line":112,"column":39},"end":{"line":112,"column":69}},"type":"default-arg","locations":[{"start":{"line":112,"column":39},"end":{"line":112,"column":69}}]},"2":{"loc":{"start":{"line":116,"column":8},"end":{"line":122,"column":9}},"type":"if","locations":[{"start":{"line":116,"column":8},"end":{"line":122,"column":9}},{"start":{"line":116,"column":8},"end":{"line":122,"column":9}}]},"3":{"loc":{"start":{"line":117,"column":12},"end":{"line":119,"column":13}},"type":"if","locations":[{"start":{"line":117,"column":12},"end":{"line":119,"column":13}},{"start":{"line":117,"column":12},"end":{"line":119,"column":13}}]},"4":{"loc":{"start":{"line":144,"column":60},"end":{"line":144,"column":65}},"type":"default-arg","locations":[{"start":{"line":144,"column":60},"end":{"line":144,"column":65}}]},"5":{"loc":{"start":{"line":146,"column":8},"end":{"line":148,"column":9}},"type":"if","locations":[{"start":{"line":146,"column":8},"end":{"line":148,"column":9}},{"start":{"line":146,"column":8},"end":{"line":148,"column":9}}]},"6":{"loc":{"start":{"line":151,"column":8},"end":{"line":153,"column":9}},"type":"if","locations":[{"start":{"line":151,"column":8},"end":{"line":153,"column":9}},{"start":{"line":151,"column":8},"end":{"line":153,"column":9}}]},"7":{"loc":{"start":{"line":159,"column":8},"end":{"line":162,"column":9}},"type":"if","locations":[{"start":{"line":159,"column":8},"end":{"line":162,"column":9}},{"start":{"line":159,"column":8},"end":{"line":162,"column":9}}]},"8":{"loc":{"start":{"line":170,"column":48},"end":{"line":170,"column":52}},"type":"default-arg","locations":[{"start":{"line":170,"column":48},"end":{"line":170,"column":52}}]},"9":{"loc":{"start":{"line":184,"column":77},"end":{"line":184,"column":81}},"type":"default-arg","locations":[{"start":{"line":184,"column":77},"end":{"line":184,"column":81}}]},"10":{"loc":{"start":{"line":203,"column":98},"end":{"line":203,"column":102}},"type":"default-arg","locations":[{"start":{"line":203,"column":98},"end":{"line":203,"column":102}}]},"11":{"loc":{"start":{"line":204,"column":8},"end":{"line":206,"column":9}},"type":"if","locations":[{"start":{"line":204,"column":8},"end":{"line":206,"column":9}},{"start":{"line":204,"column":8},"end":{"line":206,"column":9}}]},"12":{"loc":{"start":{"line":211,"column":8},"end":{"line":213,"column":9}},"type":"if","locations":[{"start":{"line":211,"column":8},"end":{"line":213,"column":9}},{"start":{"line":211,"column":8},"end":{"line":213,"column":9}}]},"13":{"loc":{"start":{"line":219,"column":8},"end":{"line":221,"column":9}},"type":"if","locations":[{"start":{"line":219,"column":8},"end":{"line":221,"column":9}},{"start":{"line":219,"column":8},"end":{"line":221,"column":9}}]},"14":{"loc":{"start":{"line":219,"column":12},"end":{"line":219,"column":24}},"type":"binary-expr","locations":[{"start":{"line":219,"column":12},"end":{"line":219,"column":24}},{"start":{"line":219,"column":28},"end":{"line":219,"column":38}}]},"15":{"loc":{"start":{"line":220,"column":51},"end":{"line":220,"column":57}},"type":"cond-expr","locations":[{"start":{"line":220,"column":51},"end":{"line":220,"column":57}},{"start":{"line":220,"column":60},"end":{"line":220,"column":64}}]},"16":{"loc":{"start":{"line":237,"column":104},"end":{"line":237,"column":108}},"type":"default-arg","locations":[{"start":{"line":237,"column":104},"end":{"line":237,"column":108}}]},"17":{"loc":{"start":{"line":238,"column":8},"end":{"line":240,"column":9}},"type":"if","locations":[{"start":{"line":238,"column":8},"end":{"line":240,"column":9}},{"start":{"line":238,"column":8},"end":{"line":240,"column":9}}]},"18":{"loc":{"start":{"line":244,"column":8},"end":{"line":246,"column":9}},"type":"if","locations":[{"start":{"line":244,"column":8},"end":{"line":246,"column":9}},{"start":{"line":244,"column":8},"end":{"line":246,"column":9}}]},"19":{"loc":{"start":{"line":248,"column":8},"end":{"line":250,"column":9}},"type":"if","locations":[{"start":{"line":248,"column":8},"end":{"line":250,"column":9}},{"start":{"line":248,"column":8},"end":{"line":250,"column":9}}]},"20":{"loc":{"start":{"line":254,"column":21},"end":{"line":254,"column":78}},"type":"binary-expr","locations":[{"start":{"line":254,"column":21},"end":{"line":254,"column":78}},{"start":{"line":255,"column":19},"end":{"line":255,"column":80}},{"start":{"line":256,"column":19},"end":{"line":256,"column":80}},{"start":{"line":257,"column":19},"end":{"line":257,"column":84}}]},"21":{"loc":{"start":{"line":269,"column":86},"end":{"line":269,"column":90}},"type":"default-arg","locations":[{"start":{"line":269,"column":86},"end":{"line":269,"column":90}}]},"22":{"loc":{"start":{"line":270,"column":8},"end":{"line":272,"column":9}},"type":"if","locations":[{"start":{"line":270,"column":8},"end":{"line":272,"column":9}},{"start":{"line":270,"column":8},"end":{"line":272,"column":9}}]},"23":{"loc":{"start":{"line":277,"column":8},"end":{"line":279,"column":9}},"type":"if","locations":[{"start":{"line":277,"column":8},"end":{"line":279,"column":9}},{"start":{"line":277,"column":8},"end":{"line":279,"column":9}}]},"24":{"loc":{"start":{"line":282,"column":8},"end":{"line":284,"column":9}},"type":"if","locations":[{"start":{"line":282,"column":8},"end":{"line":284,"column":9}},{"start":{"line":282,"column":8},"end":{"line":284,"column":9}}]},"25":{"loc":{"start":{"line":299,"column":62},"end":{"line":299,"column":96}},"type":"cond-expr","locations":[{"start":{"line":299,"column":62},"end":{"line":299,"column":96}},{"start":{"line":299,"column":101},"end":{"line":299,"column":105}}]},"26":{"loc":{"start":{"line":319,"column":8},"end":{"line":321,"column":9}},"type":"if","locations":[{"start":{"line":319,"column":8},"end":{"line":321,"column":9}},{"start":{"line":319,"column":8},"end":{"line":321,"column":9}}]},"27":{"loc":{"start":{"line":347,"column":12},"end":{"line":349,"column":13}},"type":"if","locations":[{"start":{"line":347,"column":12},"end":{"line":349,"column":13}},{"start":{"line":347,"column":12},"end":{"line":349,"column":13}}]},"28":{"loc":{"start":{"line":356,"column":8},"end":{"line":390,"column":9}},"type":"if","locations":[{"start":{"line":356,"column":8},"end":{"line":390,"column":9}},{"start":{"line":356,"column":8},"end":{"line":390,"column":9}}]},"29":{"loc":{"start":{"line":356,"column":12},"end":{"line":356,"column":42}},"type":"binary-expr","locations":[{"start":{"line":356,"column":12},"end":{"line":356,"column":42}},{"start":{"line":356,"column":46},"end":{"line":356,"column":117}}]},"30":{"loc":{"start":{"line":364,"column":12},"end":{"line":369,"column":13}},"type":"if","locations":[{"start":{"line":364,"column":12},"end":{"line":369,"column":13}},{"start":{"line":364,"column":12},"end":{"line":369,"column":13}}]},"31":{"loc":{"start":{"line":376,"column":12},"end":{"line":389,"column":13}},"type":"if","locations":[{"start":{"line":376,"column":12},"end":{"line":389,"column":13}},{"start":{"line":376,"column":12},"end":{"line":389,"column":13}}]},"32":{"loc":{"start":{"line":383,"column":16},"end":{"line":388,"column":17}},"type":"if","locations":[{"start":{"line":383,"column":16},"end":{"line":388,"column":17}},{"start":{"line":383,"column":16},"end":{"line":388,"column":17}}]},"33":{"loc":{"start":{"line":418,"column":12},"end":{"line":420,"column":13}},"type":"if","locations":[{"start":{"line":418,"column":12},"end":{"line":420,"column":13}},{"start":{"line":418,"column":12},"end":{"line":420,"column":13}}]},"34":{"loc":{"start":{"line":473,"column":8},"end":{"line":475,"column":9}},"type":"if","locations":[{"start":{"line":473,"column":8},"end":{"line":475,"column":9}},{"start":{"line":473,"column":8},"end":{"line":475,"column":9}}]},"35":{"loc":{"start":{"line":477,"column":8},"end":{"line":479,"column":9}},"type":"if","locations":[{"start":{"line":477,"column":8},"end":{"line":479,"column":9}},{"start":{"line":477,"column":8},"end":{"line":479,"column":9}}]},"36":{"loc":{"start":{"line":477,"column":12},"end":{"line":477,"column":47}},"type":"binary-expr","locations":[{"start":{"line":477,"column":12},"end":{"line":477,"column":47}},{"start":{"line":477,"column":51},"end":{"line":477,"column":88}}]},"37":{"loc":{"start":{"line":481,"column":8},"end":{"line":483,"column":9}},"type":"if","locations":[{"start":{"line":481,"column":8},"end":{"line":483,"column":9}},{"start":{"line":481,"column":8},"end":{"line":483,"column":9}}]},"38":{"loc":{"start":{"line":485,"column":8},"end":{"line":487,"column":9}},"type":"if","locations":[{"start":{"line":485,"column":8},"end":{"line":487,"column":9}},{"start":{"line":485,"column":8},"end":{"line":487,"column":9}}]},"39":{"loc":{"start":{"line":485,"column":12},"end":{"line":485,"column":45}},"type":"binary-expr","locations":[{"start":{"line":485,"column":12},"end":{"line":485,"column":45}},{"start":{"line":485,"column":49},"end":{"line":485,"column":84}}]},"40":{"loc":{"start":{"line":501,"column":8},"end":{"line":522,"column":9}},"type":"if","locations":[{"start":{"line":501,"column":8},"end":{"line":522,"column":9}},{"start":{"line":501,"column":8},"end":{"line":522,"column":9}}]},"41":{"loc":{"start":{"line":510,"column":16},"end":{"line":513,"column":17}},"type":"if","locations":[{"start":{"line":510,"column":16},"end":{"line":513,"column":17}},{"start":{"line":510,"column":16},"end":{"line":513,"column":17}}]},"42":{"loc":{"start":{"line":510,"column":20},"end":{"line":510,"column":40}},"type":"binary-expr","locations":[{"start":{"line":510,"column":20},"end":{"line":510,"column":40}},{"start":{"line":510,"column":44},"end":{"line":510,"column":59}}]},"43":{"loc":{"start":{"line":517,"column":20},"end":{"line":519,"column":21}},"type":"if","locations":[{"start":{"line":517,"column":20},"end":{"line":519,"column":21}},{"start":{"line":517,"column":20},"end":{"line":519,"column":21}}]},"44":{"loc":{"start":{"line":543,"column":8},"end":{"line":545,"column":9}},"type":"if","locations":[{"start":{"line":543,"column":8},"end":{"line":545,"column":9}},{"start":{"line":543,"column":8},"end":{"line":545,"column":9}}]},"45":{"loc":{"start":{"line":547,"column":8},"end":{"line":549,"column":9}},"type":"if","locations":[{"start":{"line":547,"column":8},"end":{"line":549,"column":9}},{"start":{"line":547,"column":8},"end":{"line":549,"column":9}}]},"46":{"loc":{"start":{"line":551,"column":37},"end":{"line":551,"column":41}},"type":"cond-expr","locations":[{"start":{"line":551,"column":37},"end":{"line":551,"column":41}},{"start":{"line":551,"column":44},"end":{"line":551,"column":50}}]},"47":{"loc":{"start":{"line":565,"column":45},"end":{"line":565,"column":46}},"type":"default-arg","locations":[{"start":{"line":565,"column":45},"end":{"line":565,"column":46}}]},"48":{"loc":{"start":{"line":565,"column":56},"end":{"line":565,"column":57}},"type":"default-arg","locations":[{"start":{"line":565,"column":56},"end":{"line":565,"column":57}}]},"49":{"loc":{"start":{"line":565,"column":66},"end":{"line":565,"column":67}},"type":"default-arg","locations":[{"start":{"line":565,"column":66},"end":{"line":565,"column":67}}]},"50":{"loc":{"start":{"line":565,"column":75},"end":{"line":565,"column":85}},"type":"default-arg","locations":[{"start":{"line":565,"column":75},"end":{"line":565,"column":85}}]},"51":{"loc":{"start":{"line":566,"column":37},"end":{"line":566,"column":41}},"type":"binary-expr","locations":[{"start":{"line":566,"column":37},"end":{"line":566,"column":41}},{"start":{"line":566,"column":45},"end":{"line":566,"column":46}}]},"52":{"loc":{"start":{"line":567,"column":21},"end":{"line":567,"column":26}},"type":"binary-expr","locations":[{"start":{"line":567,"column":21},"end":{"line":567,"column":26}},{"start":{"line":567,"column":30},"end":{"line":567,"column":31}}]},"53":{"loc":{"start":{"line":568,"column":23},"end":{"line":568,"column":30}},"type":"binary-expr","locations":[{"start":{"line":568,"column":23},"end":{"line":568,"column":30}},{"start":{"line":568,"column":34},"end":{"line":568,"column":35}}]},"54":{"loc":{"start":{"line":585,"column":8},"end":{"line":587,"column":9}},"type":"if","locations":[{"start":{"line":585,"column":8},"end":{"line":587,"column":9}},{"start":{"line":585,"column":8},"end":{"line":587,"column":9}}]},"55":{"loc":{"start":{"line":588,"column":8},"end":{"line":590,"column":9}},"type":"if","locations":[{"start":{"line":588,"column":8},"end":{"line":590,"column":9}},{"start":{"line":588,"column":8},"end":{"line":590,"column":9}}]},"56":{"loc":{"start":{"line":605,"column":12},"end":{"line":606,"column":32}},"type":"switch","locations":[{"start":{"line":605,"column":12},"end":{"line":606,"column":32}},{"start":{"line":607,"column":12},"end":{"line":608,"column":32}},{"start":{"line":609,"column":12},"end":{"line":610,"column":33}},{"start":{"line":611,"column":12},"end":{"line":612,"column":35}},{"start":{"line":613,"column":12},"end":{"line":614,"column":34}},{"start":{"line":615,"column":12},"end":{"line":616,"column":32}},{"start":{"line":617,"column":12},"end":{"line":618,"column":34}},{"start":{"line":619,"column":12},"end":{"line":620,"column":67}}]},"57":{"loc":{"start":{"line":635,"column":8},"end":{"line":637,"column":9}},"type":"if","locations":[{"start":{"line":635,"column":8},"end":{"line":637,"column":9}},{"start":{"line":635,"column":8},"end":{"line":637,"column":9}}]},"58":{"loc":{"start":{"line":652,"column":8},"end":{"line":655,"column":9}},"type":"if","locations":[{"start":{"line":652,"column":8},"end":{"line":655,"column":9}},{"start":{"line":652,"column":8},"end":{"line":655,"column":9}}]},"59":{"loc":{"start":{"line":657,"column":57},"end":{"line":657,"column":88}},"type":"binary-expr","locations":[{"start":{"line":657,"column":57},"end":{"line":657,"column":88}},{"start":{"line":657,"column":92},"end":{"line":657,"column":95}}]},"60":{"loc":{"start":{"line":659,"column":16},"end":{"line":661,"column":17}},"type":"if","locations":[{"start":{"line":659,"column":16},"end":{"line":661,"column":17}},{"start":{"line":659,"column":16},"end":{"line":661,"column":17}}]}},"s":{"0":1,"1":1,"2":1,"3":1,"4":1,"5":1,"6":1,"7":1,"8":1,"9":1,"10":24,"11":24,"12":24,"13":24,"14":24,"15":24,"16":24,"17":24,"18":24,"19":1,"20":0,"21":1,"22":24,"23":24,"24":0,"25":0,"26":21,"27":21,"28":21,"29":0,"30":0,"31":0,"32":0,"33":0,"34":0,"35":0,"36":0,"37":0,"38":0,"39":0,"40":0,"41":0,"42":0,"43":0,"44":0,"45":0,"46":0,"47":0,"48":0,"49":0,"50":0,"51":0,"52":0,"53":0,"54":0,"55":0,"56":0,"57":0,"58":0,"59":0,"60":0,"61":0,"62":0,"63":0,"64":0,"65":0,"66":0,"67":0,"68":0,"69":0,"70":0,"71":0,"72":0,"73":0,"74":0,"75":0,"76":0,"77":0,"78":49,"79":0,"80":0,"81":0,"82":0,"83":0,"84":0,"85":0,"86":0,"87":0,"88":0,"89":0,"90":0,"91":0,"92":0,"93":0,"94":0,"95":0,"96":0,"97":0,"98":0,"99":0,"100":0,"101":0,"102":0,"103":0,"104":0,"105":0,"106":0,"107":0,"108":0,"109":0,"110":0,"111":0,"112":0,"113":0,"114":0,"115":0,"116":0,"117":0,"118":0,"119":0,"120":0,"121":0,"122":0,"123":0,"124":0,"125":0,"126":0,"127":0,"128":0,"129":0,"130":0,"131":0,"132":0,"133":0,"134":0,"135":0,"136":0,"137":0,"138":0,"139":0,"140":0,"141":0,"142":0,"143":0,"144":0,"145":0,"146":0,"147":21,"148":21,"149":0,"150":21,"151":21,"152":147,"153":147,"154":14,"155":14,"156":133,"157":133,"158":133,"159":7,"160":21,"161":133,"162":133,"163":133,"164":133,"165":133,"166":133,"167":7,"168":133,"169":0,"170":133,"171":266,"172":266,"173":266,"174":266,"175":266,"176":266,"177":266,"178":266,"179":266,"180":266,"181":0,"182":266,"183":0,"184":266,"185":0,"186":0,"187":0,"188":0,"189":0,"190":0,"191":0,"192":0,"193":0,"194":0,"195":0,"196":24,"197":2,"198":22,"199":22,"200":22,"201":1,"202":21,"203":0,"204":0,"205":0,"206":0,"207":0,"208":0,"209":0,"210":0,"211":0,"212":1,"213":1},"f":{"0":1,"1":24,"2":0,"3":0,"4":21,"5":0,"6":0,"7":0,"8":0,"9":0,"10":0,"11":0,"12":0,"13":0,"14":49,"15":0,"16":0,"17":0,"18":0,"19":0,"20":0,"21":0,"22":0,"23":0,"24":0,"25":21,"26":147,"27":133,"28":133,"29":266,"30":266,"31":266,"32":0,"33":0,"34":24,"35":0,"36":0},"b":{"0":[1,1],"1":[24],"2":[1,23],"3":[0,1],"4":[21],"5":[21,0],"6":[0,0],"7":[0,0],"8":[0],"9":[0],"10":[0],"11":[0,0],"12":[0,0],"13":[0,0],"14":[0,0],"15":[0,0],"16":[0],"17":[0,0],"18":[0,0],"19":[0,0],"20":[0,0,0,0],"21":[0],"22":[0,0],"23":[0,0],"24":[0,0],"25":[0,0],"26":[0,0],"27":[0,0],"28":[0,0],"29":[0,0],"30":[0,0],"31":[0,0],"32":[0,0],"33":[0,0],"34":[0,0],"35":[0,0],"36":[0,0],"37":[0,0],"38":[0,0],"39":[0,0],"40":[0,21],"41":[14,133],"42":[147,140],"43":[7,126],"44":[7,126],"45":[0,133],"46":[126,7],"47":[0],"48":[0],"49":[266],"50":[266],"51":[266,266],"52":[266,0],"53":[266,266],"54":[0,266],"55":[0,266],"56":[0,0,0,0,0,0,0,0],"57":[2,22],"58":[0,0],"59":[0,0],"60":[0,0]}}
}
