TN:
SF:/home/ppc/klinik/git/door-controller/src/board.ts
FN:54,(anonymous_10)
FN:58,(anonymous_11)
FN:62,(anonymous_13)
FN:66,(anonymous_15)
FN:77,(anonymous_17)
FN:86,(anonymous_18)
FN:93,(anonymous_19)
FN:100,(anonymous_20)
FN:109,(anonymous_21)
FN:122,(anonymous_22)
FN:136,(anonymous_23)
FN:155,(anonymous_24)
FN:156,(anonymous_25)
FN:160,(anonymous_26)
FN:173,(anonymous_27)
FN:174,(anonymous_28)
FN:194,(anonymous_29)
FNF:17
FNH:0
FNDA:0,(anonymous_10)
FNDA:0,(anonymous_11)
FNDA:0,(anonymous_13)
FNDA:0,(anonymous_15)
FNDA:0,(anonymous_17)
FNDA:0,(anonymous_18)
FNDA:0,(anonymous_19)
FNDA:0,(anonymous_20)
FNDA:0,(anonymous_21)
FNDA:0,(anonymous_22)
FNDA:0,(anonymous_23)
FNDA:0,(anonymous_24)
FNDA:0,(anonymous_25)
FNDA:0,(anonymous_26)
FNDA:0,(anonymous_27)
FNDA:0,(anonymous_28)
FNDA:0,(anonymous_29)
DA:1,0
DA:2,0
DA:9,0
DA:20,0
DA:53,0
DA:54,0
DA:55,0
DA:59,0
DA:63,0
DA:67,0
DA:72,0
DA:78,0
DA:80,0
DA:87,0
DA:94,0
DA:101,0
DA:110,0
DA:111,0
DA:112,0
DA:123,0
DA:137,0
DA:139,0
DA:141,0
DA:143,0
DA:156,0
DA:157,0
DA:158,0
DA:160,0
DA:164,0
DA:167,0
DA:168,0
DA:169,0
DA:173,0
DA:174,0
DA:175,0
DA:176,0
DA:177,0
DA:180,0
DA:195,0
DA:197,0
DA:199,0
DA:201,0
LF:42
LH:0
BRDA:78,0,0,0
BRDA:138,1,0,0
BRDA:138,1,1,0
BRDA:138,1,2,0
BRDA:164,2,0,0
BRDA:164,2,1,0
BRDA:175,3,0,0
BRDA:175,3,1,0
BRDA:196,4,0,0
BRDA:196,4,1,0
BRDA:196,4,2,0
BRF:11
BRH:0
end_of_record
TN:
SF:/home/ppc/klinik/git/door-controller/src/scheduler.ts
FN:25,(anonymous_4)
FN:110,(anonymous_5)
FN:129,(anonymous_6)
FN:133,(anonymous_7)
FN:144,(anonymous_8)
FN:170,(anonymous_9)
FN:184,(anonymous_10)
FN:203,(anonymous_11)
FN:216,(anonymous_12)
FN:217,(anonymous_13)
FN:237,(anonymous_14)
FN:253,(anonymous_15)
FN:269,(anonymous_16)
FN:295,(anonymous_17)
FN:306,(anonymous_18)
FN:318,(anonymous_19)
FN:332,(anonymous_20)
FN:342,(anonymous_21)
FN:374,(anonymous_22)
FN:404,(anonymous_23)
FN:411,(anonymous_24)
FN:434,(anonymous_25)
FN:444,(anonymous_26)
FN:457,(anonymous_27)
FN:472,(anonymous_28)
FN:498,(anonymous_29)
FN:508,(anonymous_30)
FN:515,(anonymous_31)
FN:532,(anonymous_32)
FN:561,(anonymous_33)
FN:565,(anonymous_34)
FN:581,(anonymous_35)
FN:603,(anonymous_36)
FN:624,(anonymous_37)
FN:634,(anonymous_38)
FN:651,(anonymous_39)
FN:658,(anonymous_40)
FNF:37
FNH:12
FNDA:1,(anonymous_4)
FNDA:24,(anonymous_5)
FNDA:0,(anonymous_6)
FNDA:0,(anonymous_7)
FNDA:21,(anonymous_8)
FNDA:0,(anonymous_9)
FNDA:0,(anonymous_10)
FNDA:0,(anonymous_11)
FNDA:0,(anonymous_12)
FNDA:0,(anonymous_13)
FNDA:0,(anonymous_14)
FNDA:0,(anonymous_15)
FNDA:0,(anonymous_16)
FNDA:0,(anonymous_17)
FNDA:49,(anonymous_18)
FNDA:0,(anonymous_19)
FNDA:0,(anonymous_20)
FNDA:0,(anonymous_21)
FNDA:0,(anonymous_22)
FNDA:0,(anonymous_23)
FNDA:0,(anonymous_24)
FNDA:0,(anonymous_25)
FNDA:0,(anonymous_26)
FNDA:0,(anonymous_27)
FNDA:0,(anonymous_28)
FNDA:21,(anonymous_29)
FNDA:147,(anonymous_30)
FNDA:133,(anonymous_31)
FNDA:133,(anonymous_32)
FNDA:266,(anonymous_33)
FNDA:266,(anonymous_34)
FNDA:266,(anonymous_35)
FNDA:0,(anonymous_36)
FNDA:0,(anonymous_37)
FNDA:24,(anonymous_38)
FNDA:0,(anonymous_39)
FNDA:0,(anonymous_40)
DA:1,1
DA:2,1
DA:3,1
DA:4,1
DA:5,1
DA:25,1
DA:26,1
DA:27,1
DA:48,1
DA:103,1
DA:104,24
DA:105,24
DA:106,24
DA:108,24
DA:110,24
DA:111,24
DA:112,24
DA:114,24
DA:116,24
DA:117,1
DA:118,0
DA:121,1
DA:124,24
DA:126,24
DA:130,0
DA:134,0
DA:145,21
DA:146,21
DA:147,21
DA:151,0
DA:152,0
DA:155,0
DA:157,0
DA:159,0
DA:160,0
DA:161,0
DA:171,0
DA:172,0
DA:174,0
DA:185,0
DA:187,0
DA:192,0
DA:204,0
DA:205,0
DA:208,0
DA:211,0
DA:212,0
DA:216,0
DA:217,0
DA:219,0
DA:220,0
DA:223,0
DA:225,0
DA:227,0
DA:238,0
DA:239,0
DA:242,0
DA:244,0
DA:245,0
DA:248,0
DA:249,0
DA:252,0
DA:253,0
DA:254,0
DA:260,0
DA:270,0
DA:271,0
DA:274,0
DA:277,0
DA:278,0
DA:282,0
DA:283,0
DA:286,0
DA:287,0
DA:289,0
DA:296,0
DA:308,49
DA:319,0
DA:320,0
DA:323,0
DA:333,0
DA:334,0
DA:335,0
DA:336,0
DA:338,0
DA:340,0
DA:342,0
DA:343,0
DA:344,0
DA:346,0
DA:347,0
DA:348,0
DA:350,0
DA:352,0
DA:356,0
DA:357,0
DA:358,0
DA:360,0
DA:364,0
DA:365,0
DA:366,0
DA:368,0
DA:371,0
DA:374,0
DA:376,0
DA:377,0
DA:378,0
DA:380,0
DA:381,0
DA:383,0
DA:384,0
DA:386,0
DA:387,0
DA:392,0
DA:405,0
DA:406,0
DA:407,0
DA:408,0
DA:409,0
DA:411,0
DA:412,0
DA:413,0
DA:415,0
DA:418,0
DA:419,0
DA:422,0
DA:423,0
DA:426,0
DA:435,0
DA:445,0
DA:446,0
DA:448,0
DA:458,0
DA:459,0
DA:461,0
DA:473,0
DA:474,0
DA:477,0
DA:478,0
DA:481,0
DA:482,0
DA:485,0
DA:486,0
DA:490,0
DA:499,21
DA:501,21
DA:502,0
DA:504,21
DA:508,21
DA:509,147
DA:510,147
DA:511,14
DA:512,14
DA:515,133
DA:516,133
DA:517,133
DA:518,7
DA:524,21
DA:533,133
DA:535,133
DA:536,133
DA:540,133
DA:541,133
DA:543,133
DA:544,7
DA:547,133
DA:548,0
DA:551,133
DA:562,266
DA:566,266
DA:567,266
DA:568,266
DA:569,266
DA:570,266
DA:572,266
DA:582,266
DA:583,266
DA:585,266
DA:586,0
DA:588,266
DA:589,0
DA:592,266
DA:604,0
DA:606,0
DA:608,0
DA:610,0
DA:612,0
DA:614,0
DA:616,0
DA:618,0
DA:620,0
DA:625,0
DA:626,0
DA:635,24
DA:636,2
DA:639,22
DA:642,22
DA:643,22
DA:645,1
DA:648,21
DA:652,0
DA:653,0
DA:654,0
DA:657,0
DA:659,0
DA:660,0
DA:663,0
DA:664,0
DA:665,0
LF:209
LH:68
BRDA:25,0,0,1
BRDA:25,0,1,1
BRDA:112,1,0,24
BRDA:116,2,0,1
BRDA:116,2,1,23
BRDA:117,3,0,0
BRDA:117,3,1,1
BRDA:144,4,0,21
BRDA:146,5,0,21
BRDA:146,5,1,0
BRDA:151,6,0,0
BRDA:151,6,1,0
BRDA:159,7,0,0
BRDA:159,7,1,0
BRDA:170,8,0,0
BRDA:184,9,0,0
BRDA:203,10,0,0
BRDA:204,11,0,0
BRDA:204,11,1,0
BRDA:211,12,0,0
BRDA:211,12,1,0
BRDA:219,13,0,0
BRDA:219,13,1,0
BRDA:219,14,0,0
BRDA:219,14,1,0
BRDA:220,15,0,0
BRDA:220,15,1,0
BRDA:237,16,0,0
BRDA:238,17,0,0
BRDA:238,17,1,0
BRDA:244,18,0,0
BRDA:244,18,1,0
BRDA:248,19,0,0
BRDA:248,19,1,0
BRDA:254,20,0,0
BRDA:254,20,1,0
BRDA:254,20,2,0
BRDA:254,20,3,0
BRDA:269,21,0,0
BRDA:270,22,0,0
BRDA:270,22,1,0
BRDA:277,23,0,0
BRDA:277,23,1,0
BRDA:282,24,0,0
BRDA:282,24,1,0
BRDA:299,25,0,0
BRDA:299,25,1,0
BRDA:319,26,0,0
BRDA:319,26,1,0
BRDA:347,27,0,0
BRDA:347,27,1,0
BRDA:356,28,0,0
BRDA:356,28,1,0
BRDA:356,29,0,0
BRDA:356,29,1,0
BRDA:364,30,0,0
BRDA:364,30,1,0
BRDA:376,31,0,0
BRDA:376,31,1,0
BRDA:383,32,0,0
BRDA:383,32,1,0
BRDA:418,33,0,0
BRDA:418,33,1,0
BRDA:473,34,0,0
BRDA:473,34,1,0
BRDA:477,35,0,0
BRDA:477,35,1,0
BRDA:477,36,0,0
BRDA:477,36,1,0
BRDA:481,37,0,0
BRDA:481,37,1,0
BRDA:485,38,0,0
BRDA:485,38,1,0
BRDA:485,39,0,0
BRDA:485,39,1,0
BRDA:501,40,0,0
BRDA:501,40,1,21
BRDA:510,41,0,14
BRDA:510,41,1,133
BRDA:510,42,0,147
BRDA:510,42,1,140
BRDA:517,43,0,7
BRDA:517,43,1,126
BRDA:543,44,0,7
BRDA:543,44,1,126
BRDA:547,45,0,0
BRDA:547,45,1,133
BRDA:551,46,0,126
BRDA:551,46,1,7
BRDA:565,47,0,0
BRDA:565,48,0,0
BRDA:565,49,0,266
BRDA:565,50,0,266
BRDA:566,51,0,266
BRDA:566,51,1,266
BRDA:567,52,0,266
BRDA:567,52,1,0
BRDA:568,53,0,266
BRDA:568,53,1,266
BRDA:585,54,0,0
BRDA:585,54,1,266
BRDA:588,55,0,0
BRDA:588,55,1,266
BRDA:605,56,0,0
BRDA:605,56,1,0
BRDA:605,56,2,0
BRDA:605,56,3,0
BRDA:605,56,4,0
BRDA:605,56,5,0
BRDA:605,56,6,0
BRDA:605,56,7,0
BRDA:635,57,0,2
BRDA:635,57,1,22
BRDA:652,58,0,0
BRDA:652,58,1,0
BRDA:657,59,0,0
BRDA:657,59,1,0
BRDA:659,60,0,0
BRDA:659,60,1,0
BRF:119
BRH:31
end_of_record
